<?xml version="1.0" encoding="utf-8"?><testsuites name="pytest tests"><testsuite name="pytest" errors="0" failures="0" skipped="1" tests="10" time="7.984" timestamp="2026-06-27T02:46:09.643872+00:00" hostname="agent-env-eea16b56-3156-4e3d-8552-bfff3f19e847"><testcase classname="backend.tests.test_forward_step.TestEndpointReachable" name="test_no_longer_404" time="1.647" /><testcase classname="backend.tests.test_forward_step.TestEndpointReachable" name="test_admin_writes_expected_fields" time="0.220" /><testcase classname="backend.tests.test_forward_step.TestRoleGating" name="test_associate_own_order_200" time="0.104" /><testcase classname="backend.tests.test_forward_step.TestRoleGating" name="test_associate_other_order_403" time="0.306" /><testcase classname="backend.tests.test_forward_step.TestRoleGating" name="test_manufacturer_403" time="0.115" /><testcase classname="backend.tests.test_forward_step.TestRoleGating" name="test_client_403" time="0.102" /><testcase classname="backend.tests.test_forward_step.TestEdgeCases" name="test_unknown_order_404" time="0.111" /><testcase classname="backend.tests.test_forward_step.TestEdgeCases" name="test_unknown_step_404" time="0.103" /><testcase classname="backend.tests.test_forward_step.TestTranslationHook" name="test_non_english_country_populates_translation" time="4.178"><skipped type="pytest.skip" message="Translation returned empty — Emergent LLM key may be unset/unavailable. Endpoint still returned 200 and stored review_note correctly.">/app/backend/tests/test_forward_step.py:326: Translation returned empty — Emergent LLM key may be unset/unavailable. Endpoint still returned 200 and stored review_note correctly.</skipped></testcase><testcase classname="backend.tests.test_forward_step.TestTranslationHook" name="test_english_country_leaves_translation_blank" time="1.018" /></testsuite></testsuites>