<?xml version="1.0" encoding="utf-8"?><testsuites name="pytest tests"><testsuite name="pytest" errors="0" failures="0" skipped="0" tests="18" time="6.821" timestamp="2026-09-07T06:35:14.561766+00:00" hostname="agent-env-eea16b56-3156-4e3d-8552-bfff3f19e847"><testcase classname="tests.test_iter16_features.TestQuoteDuplicate" name="test_duplicate_freelance_returns_new_id_and_serial" time="0.624" /><testcase classname="tests.test_iter16_features.TestQuoteDuplicate" name="test_duplicate_nonexistent_returns_404" time="0.127" /><testcase classname="tests.test_iter16_features.TestQuoteDuplicate" name="test_duplicate_forbidden_for_non_admin" time="0.480" /><testcase classname="tests.test_iter16_features.TestQuoteDuplicate" name="test_duplicate_forbidden_for_manufacturer" time="0.464" /><testcase classname="tests.test_iter16_features.TestQuoteDuplicate" name="test_duplicate_unauth" time="0.131" /><testcase classname="tests.test_iter16_features.TestQuotePDF" name="test_pdf_export_returns_pdf" time="0.260" /><testcase classname="tests.test_iter16_features.TestQuotePDF" name="test_pdf_nonexistent_404" time="0.119" /><testcase classname="tests.test_iter16_features.TestQuotePDF" name="test_pdf_forbidden_non_admin" time="0.113" /><testcase classname="tests.test_iter16_features.TestQuotePDF" name="test_pdf_unauth" time="0.127" /><testcase classname="tests.test_iter16_features.TestStepPhotoEmail" name="test_happy_path" time="1.963" /><testcase classname="tests.test_iter16_features.TestStepPhotoEmail" name="test_empty_recipients_400" time="0.118" /><testcase classname="tests.test_iter16_features.TestStepPhotoEmail" name="test_recipients_over_50_400" time="0.127" /><testcase classname="tests.test_iter16_features.TestStepPhotoEmail" name="test_step_with_no_photos_400" time="0.443" /><testcase classname="tests.test_iter16_features.TestStepPhotoEmail" name="test_unknown_order_404" time="0.158" /><testcase classname="tests.test_iter16_features.TestStepPhotoEmail" name="test_unknown_step_404" time="0.131" /><testcase classname="tests.test_iter16_features.TestStepPhotoEmail" name="test_manufacturer_wrong_order_403" time="0.636" /><testcase classname="tests.test_iter16_features.TestCompetitorPosture" name="test_admin_competitors_lists_cloudflare_sites" time="0.112" /><testcase classname="tests.test_iter16_features.TestCompetitorPosture" name="test_competitor_test_endpoint_returns_schema[austenblake]" time="0.597" /></testsuite></testsuites>