<?xml version="1.0" encoding="utf-8"?><testsuites name="pytest tests"><testsuite name="pytest" errors="0" failures="0" skipped="0" tests="14" time="11.254" timestamp="2026-06-25T07:21:27.519673+00:00" hostname="agent-env-eea16b56-3156-4e3d-8552-bfff3f19e847"><testcase classname="backend.tests.test_translation.TestMetaCountries" name="test_countries_shape" time="0.548" /><testcase classname="backend.tests.test_translation.TestMetaCountries" name="test_countries_includes_cn_and_au" time="0.046" /><testcase classname="backend.tests.test_translation.TestCreateClientWithCountry" name="test_create_client_with_country_cn" time="0.267" /><testcase classname="backend.tests.test_translation.TestCreateClientWithCountry" name="test_create_client_default_au" time="0.263" /><testcase classname="backend.tests.test_translation.TestUpdateCountry" name="test_admin_can_update_country" time="0.357" /><testcase classname="backend.tests.test_translation.TestUpdateCountry" name="test_update_country_non_client_400" time="0.308" /><testcase classname="backend.tests.test_translation.TestUpdateCountry" name="test_update_country_404_for_unknown" time="0.045" /><testcase classname="backend.tests.test_translation.TestUpdateCountry" name="test_non_owning_associate_403" time="0.347" /><testcase classname="backend.tests.test_translation.TestTranslationOnComplete" name="test_au_client_no_translation" time="0.108" /><testcase classname="backend.tests.test_translation.TestTranslationOnComplete" name="test_cn_client_gets_mandarin" time="3.969" /><testcase classname="backend.tests.test_translation.TestTranslationOnComplete" name="test_second_call_still_translates_no_crash" time="2.034" /><testcase classname="backend.tests.test_translation.TestTranslationOnComplete" name="test_forward_translates_review_note" time="2.129" /><testcase classname="backend.tests.test_translation.TestTranslationOnComplete" name="test_forward_au_client_no_translation" time="0.052" /><testcase classname="backend.tests.test_translation.TestClientViewMaskingOfTranslations" name="test_client_sees_translated_when_forwarded_and_masked_otherwise" time="0.686" /></testsuite></testsuites>