<?xml version="1.0" encoding="utf-8"?><testsuites name="pytest tests"><testsuite name="pytest" errors="0" failures="0" skipped="1" tests="13" time="2.361" timestamp="2026-07-02T02:51:28.037693+00:00" hostname="agent-env-eea16b56-3156-4e3d-8552-bfff3f19e847"><testcase classname="backend.tests.test_quotes_freelance.TestFreelanceCreate" name="test_create_returns_dwj_serial" time="0.441" /><testcase classname="backend.tests.test_quotes_freelance.TestFreelanceCreate" name="test_two_creates_are_sequential" time="0.111" /><testcase classname="backend.tests.test_quotes_freelance.TestFreelanceListFilter" name="test_freelance_true_only_freelance" time="0.101" /><testcase classname="backend.tests.test_quotes_freelance.TestFreelanceListFilter" name="test_freelance_false_excludes_freelance" time="0.047" /><testcase classname="backend.tests.test_quotes_freelance.TestFreelanceListFilter" name="test_no_filter_returns_all" time="0.190" /><testcase classname="backend.tests.test_quotes_freelance.TestJewelryNamePatch" name="test_patch_sets_name" time="0.147" /><testcase classname="backend.tests.test_quotes_freelance.TestJewelryNamePatch" name="test_patch_empty_string_clears" time="0.093" /><testcase classname="backend.tests.test_quotes_freelance.TestJewelryNamePatch" name="test_patch_missing_key_does_not_overwrite" time="0.169" /><testcase classname="backend.tests.test_quotes_freelance.TestAtomicRoundTrip" name="test_all_seven_atoms_persist" time="0.149" /><testcase classname="backend.tests.test_quotes_freelance.TestAtomicRoundTrip" name="test_empty_string_numeric_fields_do_not_500" time="0.119" /><testcase classname="backend.tests.test_quotes_freelance.TestStoneSpecPrefill" name="test_freelance_quote_returns_source_none" time="0.095" /><testcase classname="backend.tests.test_quotes_freelance.TestStoneSpecPrefill" name="test_rfq_linked_quote_returns_atoms_if_present" time="0.065"><skipped type="pytest.skip" message="No RFQ-linked brand quote in the DB — skip.">/app/backend/tests/test_quotes_freelance.py:293: No RFQ-linked brand quote in the DB — skip.</skipped></testcase><testcase classname="backend.tests.test_quotes_freelance" name="test_compute_totals_roundtrip" time="0.566" /></testsuite></testsuites>