<?xml version="1.0" encoding="utf-8"?><testsuites name="pytest tests"><testsuite name="pytest" errors="0" failures="1" skipped="4" tests="21" time="4.817" timestamp="2026-07-01T11:29:02.376893+00:00" hostname="agent-env-eea16b56-3156-4e3d-8552-bfff3f19e847"><testcase classname="backend.tests.test_rfq_pipeline.TestManufacturers" name="test_list_seeded_workshops" time="0.547" /><testcase classname="backend.tests.test_rfq_pipeline.TestManufacturers" name="test_next_code_peek" time="0.171" /><testcase classname="backend.tests.test_rfq_pipeline.TestManufacturers" name="test_create_patch_burn_flow_and_guard" time="0.768"><failure message="AssertionError: create → 422: {&quot;detail&quot;:[{&quot;type&quot;:&quot;value_error&quot;,&quot;loc&quot;:[&quot;body&quot;,&quot;contact_email&quot;],&quot;msg&quot;:&quot;value is not a valid email address: The part after the @-sign is a special-use or reserved name that cannot be used with email.&quot;,&quot;input&quot;:&quot;qa@somnio.test&quot;,&quot;ctx&quot;:{&quot;reason&quot;:&quot;The part after the @-sign is a special-use or reserved name that cannot be used with email.&quot;}}]}&#10;assert 422 == 200&#10; +  where 422 = &lt;Response [422]&gt;.status_code">backend/tests/test_rfq_pipeline.py:75: in test_create_patch_burn_flow_and_guard
    assert r.status_code == 200, f"create → {r.status_code}: {r.text[:400]}"
E   AssertionError: create → 422: {"detail":[{"type":"value_error","loc":["body","contact_email"],"msg":"value is not a valid email address: The part after the @-sign is a special-use or reserved name that cannot be used with email.","input":"qa@somnio.test","ctx":{"reason":"The part after the @-sign is a special-use or reserved name that cannot be used with email."}}]}
E   assert 422 == 200
E    +  where 422 = &lt;Response [422]&gt;.status_code</failure></testcase><testcase classname="backend.tests.test_rfq_pipeline.TestManufacturers" name="test_sync_pending_idempotent" time="0.096" /><testcase classname="backend.tests.test_rfq_pipeline.TestRFQPipeline" name="test_bespoke_create_defaults" time="0.151" /><testcase classname="backend.tests.test_rfq_pipeline.TestRFQPipeline" name="test_admin_list_bespoke_filter" time="0.105" /><testcase classname="backend.tests.test_rfq_pipeline.TestRFQPipeline" name="test_admin_rfqs_guards" time="0.184" /><testcase classname="backend.tests.test_rfq_pipeline.TestRFQPipeline" name="test_broadcast_to_burned_mfr_rejected" time="0.192" /><testcase classname="backend.tests.test_rfq_pipeline.TestRFQPipeline" name="test_broadcast_serials_expiry_and_stamps" time="0.199" /><testcase classname="backend.tests.test_rfq_pipeline.TestRFQPipeline" name="test_extend_broadcast_once" time="0.281" /><testcase classname="backend.tests.test_rfq_pipeline.TestRFQPipeline" name="test_record_response_and_import_quote" time="0.202" /><testcase classname="backend.tests.test_rfq_pipeline.TestRFQPipeline" name="test_ingest_from_gem_gallery" time="0.987" /><testcase classname="backend.tests.test_rfq_pipeline.TestRFQPipeline" name="test_manufacturer_cannot_hit_admin_rfqs" time="0.096" /><testcase classname="backend.tests.test_rfq_pipeline.TestQuotes" name="test_list_quotes" time="0.090" /><testcase classname="backend.tests.test_rfq_pipeline.TestQuotes" name="test_patch_recomputes_totals" time="0.103" /><testcase classname="backend.tests.test_rfq_pipeline.TestQuotes" name="test_compute_preview" time="0.097" /><testcase classname="backend.tests.test_rfq_pipeline.TestQuotes" name="test_delete_quote" time="0.094" /><testcase classname="backend.tests.test_rfq_pipeline.TestClientGates" name="test_admin_release_render" time="0.300"><skipped type="pytest.skip" message="Order has no renders — skipping client gate tests">/app/backend/tests/test_rfq_pipeline.py:381: Order has no renders — skipping client gate tests</skipped></testcase><testcase classname="backend.tests.test_rfq_pipeline.TestClientGates" name="test_client_can_view_released" time="0.000"><skipped type="pytest.skip" message="Order has no renders — skipping client gate tests">/app/backend/tests/test_rfq_pipeline.py:393: Order has no renders — skipping client gate tests</skipped></testcase><testcase classname="backend.tests.test_rfq_pipeline.TestClientGates" name="test_gate1_revision_then_accept" time="0.000"><skipped type="pytest.skip" message="Order has no renders — skipping client gate tests">/app/backend/tests/test_rfq_pipeline.py:399: Order has no renders — skipping client gate tests</skipped></testcase><testcase classname="backend.tests.test_rfq_pipeline.TestClientGates" name="test_gate2_yes" time="0.000"><skipped type="pytest.skip" message="Order has no renders — skipping client gate tests">/app/backend/tests/test_rfq_pipeline.py:432: Order has no renders — skipping client gate tests</skipped></testcase></testsuite></testsuites>