<?xml version="1.0" encoding="utf-8"?><testsuites name="pytest tests"><testsuite name="pytest" errors="0" failures="0" skipped="0" tests="10" time="8.530" timestamp="2026-06-25T11:53:54.380004+00:00" hostname="agent-env-eea16b56-3156-4e3d-8552-bfff3f19e847"><testcase classname="tests.test_pdf_localization.TestLanguagePersistence" name="test_set_and_persist[zh]" time="0.853" /><testcase classname="tests.test_pdf_localization.TestLanguagePersistence" name="test_set_and_persist[fr]" time="0.083" /><testcase classname="tests.test_pdf_localization.TestLanguagePersistence" name="test_set_and_persist[it]" time="0.087" /><testcase classname="tests.test_pdf_localization.TestLanguagePersistence" name="test_set_and_persist[en]" time="0.164" /><testcase classname="tests.test_pdf_localization.TestDigitalDNAPDFLocalized" name="test_pdf_localised[zh]" time="0.735" /><testcase classname="tests.test_pdf_localization.TestDigitalDNAPDFLocalized" name="test_pdf_localised[fr]" time="0.184" /><testcase classname="tests.test_pdf_localization.TestDigitalDNAPDFLocalized" name="test_pdf_localised[it]" time="0.174" /><testcase classname="tests.test_pdf_localization.TestDigitalDNAPDFLocalized" name="test_pdf_localised[en]" time="0.179" /><testcase classname="tests.test_pdf_localization.TestManualTranslateStep" name="test_translate_step_with_notes" time="5.855" /><testcase classname="tests.test_pdf_localization" name="test_zz_cleanup_admin_lang_to_en" time="0.082" /></testsuite></testsuites>