<?xml version="1.0" encoding="utf-8"?><testsuites name="pytest tests"><testsuite name="pytest" errors="0" failures="0" skipped="0" tests="20" time="4.559" timestamp="2026-06-26T08:15:48.784252+00:00" hostname="agent-env-eea16b56-3156-4e3d-8552-bfff3f19e847"><testcase classname="backend.tests.test_customs_multifile.TestGetCustoms" name="test_admin_can_read" time="1.739" /><testcase classname="backend.tests.test_customs_multifile.TestGetCustoms" name="test_manufacturer_can_read_own" time="0.129" /><testcase classname="backend.tests.test_customs_multifile.TestGetCustoms" name="test_manufacturer_blocked_on_foreign" time="0.215" /><testcase classname="backend.tests.test_customs_multifile.TestGetCustoms" name="test_associate_forbidden" time="0.095" /><testcase classname="backend.tests.test_customs_multifile.TestGetCustoms" name="test_client_forbidden" time="0.097" /><testcase classname="backend.tests.test_customs_multifile.TestPutCustoms" name="test_admin_can_update_notes_and_text" time="0.197" /><testcase classname="backend.tests.test_customs_multifile.TestPutCustoms" name="test_manufacturer_can_update_text_but_not_notes" time="0.333" /><testcase classname="backend.tests.test_customs_multifile.TestPutCustoms" name="test_manufacturer_blocked_on_foreign" time="0.099" /><testcase classname="backend.tests.test_customs_multifile.TestPutCustoms" name="test_associate_forbidden" time="0.093" /><testcase classname="backend.tests.test_customs_multifile.TestPutCustoms" name="test_client_forbidden" time="0.093" /><testcase classname="backend.tests.test_customs_multifile.TestCustomsFiles" name="test_unknown_kind_returns_400" time="0.111" /><testcase classname="backend.tests.test_customs_multifile.TestCustomsFiles" name="test_admin_can_upload_airway_bill" time="0.197" /><testcase classname="backend.tests.test_customs_multifile.TestCustomsFiles" name="test_mfg_can_upload_customs_file" time="0.132" /><testcase classname="backend.tests.test_customs_multifile.TestCustomsFiles" name="test_mfg_blocked_on_foreign_upload" time="0.101" /><testcase classname="backend.tests.test_customs_multifile.TestCustomsFiles" name="test_associate_forbidden_upload" time="0.118" /><testcase classname="backend.tests.test_customs_multifile.TestCustomsFiles" name="test_client_forbidden_upload" time="0.096" /><testcase classname="backend.tests.test_customs_multifile.TestCustomsFiles" name="test_mfg_cannot_delete_admin_uploaded_file" time="0.116" /><testcase classname="backend.tests.test_customs_multifile.TestCustomsFiles" name="test_mfg_can_delete_own_file" time="0.194" /><testcase classname="backend.tests.test_customs_multifile.TestCustomsFiles" name="test_admin_can_delete_any_file" time="0.201" /><testcase classname="backend.tests.test_customs_multifile.TestCustomsFiles" name="test_delete_unknown_kind_returns_400" time="0.091" /></testsuite></testsuites>