<?xml version="1.0" encoding="utf-8"?><testsuites name="pytest tests"><testsuite name="pytest" errors="0" failures="0" skipped="0" tests="20" time="6.623" timestamp="2026-06-25T11:35:40.281318+00:00" hostname="agent-env-eea16b56-3156-4e3d-8552-bfff3f19e847"><testcase classname="backend.tests.test_language_refresh" name="test_login_all_four_roles" time="1.500" /><testcase classname="backend.tests.test_language_refresh.TestSetLanguage" name="test_set_supported[en]" time="0.044" /><testcase classname="backend.tests.test_language_refresh.TestSetLanguage" name="test_set_supported[zh]" time="0.068" /><testcase classname="backend.tests.test_language_refresh.TestSetLanguage" name="test_set_supported[fr]" time="0.043" /><testcase classname="backend.tests.test_language_refresh.TestSetLanguage" name="test_set_supported[it]" time="0.041" /><testcase classname="backend.tests.test_language_refresh.TestSetLanguage" name="test_set_invalid_returns_400" time="0.082" /><testcase classname="backend.tests.test_language_refresh.TestSetLanguage" name="test_clear_with_null" time="0.080" /><testcase classname="backend.tests.test_language_refresh.TestSetLanguage" name="test_clear_with_empty_string" time="0.043" /><testcase classname="backend.tests.test_language_refresh.TestOrdersLocalizedByPreferredLanguage" name="test_zh_localization" time="0.095" /><testcase classname="backend.tests.test_language_refresh.TestOrdersLocalizedByPreferredLanguage" name="test_fr_localization" time="0.094" /><testcase classname="backend.tests.test_language_refresh.TestOrdersLocalizedByPreferredLanguage" name="test_it_localization" time="0.092" /><testcase classname="backend.tests.test_language_refresh.TestOrdersLocalizedByPreferredLanguage" name="test_en_returns_to_english" time="0.090" /><testcase classname="backend.tests.test_language_refresh.TestOrdersLocalizedByPreferredLanguage" name="test_manufacturer_also_localizes" time="0.124" /><testcase classname="backend.tests.test_language_refresh.TestOrdersLocalizedByPreferredLanguage" name="test_cleanup_admin_lang" time="0.040" /><testcase classname="backend.tests.test_language_refresh.TestManualTranslateEndpoint" name="test_translate_to_zh_returns_translated" time="3.416" /><testcase classname="backend.tests.test_language_refresh.TestManualTranslateEndpoint" name="test_translate_missing_target_400" time="0.041" /><testcase classname="backend.tests.test_language_refresh.TestManualTranslateEndpoint" name="test_translate_step_not_found_404" time="0.043" /><testcase classname="backend.tests.test_language_refresh.TestRecycleBinRegression" name="test_full_lifecycle" time="0.370" /><testcase classname="backend.tests.test_language_refresh.TestCustomsRegression" name="test_admin_put_get_customs" time="0.132" /><testcase classname="backend.tests.test_language_refresh.TestDigitalDNARegression" name="test_admin_get_digital_dna_pdf" time="0.093" /></testsuite></testsuites>