<?xml version="1.0" encoding="utf-8"?><testsuites name="pytest tests"><testsuite name="pytest" errors="0" failures="1" skipped="0" tests="10" time="57.150" timestamp="2026-07-02T04:37:16.724166+00:00" hostname="agent-env-eea16b56-3156-4e3d-8552-bfff3f19e847"><testcase classname="backend.tests.test_quotes_iter15.TestAtelierDefaults" name="test_new_freelance_quote_has_all_defaults" time="0.709" /><testcase classname="backend.tests.test_quotes_iter15.TestAtelierDefaults" name="test_markup_default_is_zero" time="0.149" /><testcase classname="backend.tests.test_quotes_iter15.TestAtelierDefaults" name="test_admin_set_value_not_overwritten_by_backfill" time="0.277" /><testcase classname="backend.tests.test_quotes_iter15.TestAtelierDefaults" name="test_backfill_flag_prevents_reseeding_after_admin_zeros" time="0.335"><failure message="assert 120.0 in (0, 0.0)">backend/tests/test_quotes_iter15.py:200: in test_backfill_flag_prevents_reseeding_after_admin_zeros
    assert ai["custom_clearance_aud"] in (0, 0.0)
E   assert 120.0 in (0, 0.0)</failure></testcase><testcase classname="backend.tests.test_quotes_iter15.TestAtelierDefaults" name="test_all_existing_quotes_have_flag_after_get" time="1.069" /><testcase classname="backend.tests.test_quotes_iter15.TestComputeRawStrings" name="test_compute_accepts_string_carat_and_weight" time="0.067" /><testcase classname="backend.tests.test_quotes_iter15.TestComputeRawStrings" name="test_compute_accepts_empty_strings" time="0.092" /><testcase classname="backend.tests.test_quotes_iter15.TestMarketAnchorPlaywright" name="test_compare_endpoint_no_playwright_launch_error" time="53.585" /><testcase classname="backend.tests.test_quotes_iter15.TestMarketAnchorPlaywright" name="test_larsen_or_savoirfaire_returns_matches" time="0.068" /><testcase classname="backend.tests.test_quotes_iter15.TestDecimalValues" name="test_carat_1_7_and_weight_1_7_round_trip" time="0.675" /></testsuite></testsuites>