<?xml version="1.0" encoding="utf-8"?><testsuites name="pytest tests"><testsuite name="pytest" errors="0" failures="0" skipped="0" tests="19" time="11.729" timestamp="2026-06-26T14:34:02.721786+00:00" hostname="agent-env-eea16b56-3156-4e3d-8552-bfff3f19e847"><testcase classname="backend.tests.test_orders_refactor.TestAuth" name="test_admin_login_returns_token_and_user" time="0.489" /><testcase classname="backend.tests.test_orders_refactor.TestAuth" name="test_auth_me_returns_admin" time="0.098" /><testcase classname="backend.tests.test_orders_refactor.TestOrderCRUD" name="test_list_orders" time="0.152" /><testcase classname="backend.tests.test_orders_refactor.TestOrderCRUD" name="test_get_seed_order_detail" time="0.120" /><testcase classname="backend.tests.test_orders_refactor.TestOrderCRUD" name="test_get_nonexistent_order_404" time="0.153" /><testcase classname="backend.tests.test_orders_refactor.TestSteps" name="test_complete_step_1" time="0.364" /><testcase classname="backend.tests.test_orders_refactor.TestSteps" name="test_get_order_reflects_completion" time="0.151" /><testcase classname="backend.tests.test_orders_refactor.TestSteps" name="test_reopen_step_1" time="0.100" /><testcase classname="backend.tests.test_orders_refactor.TestSteps" name="test_translate_step_1" time="4.550" /><testcase classname="backend.tests.test_orders_refactor.TestCadFiles" name="test_list_cad_files_seed" time="0.175" /><testcase classname="backend.tests.test_orders_refactor.TestCadFiles" name="test_cad_file_full_lifecycle" time="0.806" /><testcase classname="backend.tests.test_orders_refactor.TestIgi" name="test_igi_full_lifecycle" time="0.770" /><testcase classname="backend.tests.test_orders_refactor.TestCustoms" name="test_get_customs" time="0.099" /><testcase classname="backend.tests.test_orders_refactor.TestCustoms" name="test_put_customs_airway_bill_text" time="0.205" /><testcase classname="backend.tests.test_orders_refactor.TestCustoms" name="test_customs_file_full_lifecycle" time="1.462" /><testcase classname="backend.tests.test_orders_refactor.TestCustoms" name="test_customs_invalid_kind_returns_400" time="0.097" /><testcase classname="backend.tests.test_orders_refactor.TestDigitalDna" name="test_digital_dna_returns_pdf" time="0.102" /><testcase classname="backend.tests.test_orders_refactor.TestRecycleBin" name="test_full_recycle_cycle" time="1.033" /><testcase classname="backend.tests.test_orders_refactor.TestManufacturerScope" name="test_mfg_list_returns_only_their_orders" time="0.702" /></testsuite></testsuites>