<?xml version="1.0" encoding="utf-8"?><testsuites name="pytest tests"><testsuite name="pytest" errors="0" failures="2" skipped="0" tests="19" time="4.754" timestamp="2026-06-25T07:04:55.622275+00:00" hostname="agent-env-eea16b56-3156-4e3d-8552-bfff3f19e847"><testcase classname="backend.tests.test_associate_import.TestHealth" name="test_root" time="0.185" /><testcase classname="backend.tests.test_associate_import.TestHealth" name="test_seed_idempotent" time="0.049" /><testcase classname="backend.tests.test_associate_import.TestImportAssociates" name="test_import_requires_admin" time="0.360" /><testcase classname="backend.tests.test_associate_import.TestImportAssociates" name="test_import_as_admin_succeeds" time="0.797" /><testcase classname="backend.tests.test_associate_import.TestImportAssociates" name="test_status_requires_admin" time="0.046" /><testcase classname="backend.tests.test_associate_import.TestImportAssociates" name="test_status_returns_last_run_and_schedule" time="0.043" /><testcase classname="backend.tests.test_associate_import.TestImportAssociates" name="test_imported_users_carry_source_tag" time="0.044" /><testcase classname="backend.tests.test_associate_import.TestImportAssociates" name="test_local_seed_user_carries_local_source" time="0.045" /><testcase classname="backend.tests.test_associate_import.TestUserCreationLockdown" name="test_cannot_create_associate_locally" time="0.042" /><testcase classname="backend.tests.test_associate_import.TestUserCreationLockdown" name="test_cannot_create_admin_locally" time="0.042" /><testcase classname="backend.tests.test_associate_import.TestUserCreationLockdown" name="test_can_create_manufacturer_locally" time="0.308" /><testcase classname="backend.tests.test_associate_import.TestUserCreationLockdown" name="test_can_create_client_locally" time="0.308" /><testcase classname="backend.tests.test_associate_import.TestDeleteLockdown" name="test_cannot_delete_gem_gallery_user" time="0.141" /><testcase classname="backend.tests.test_associate_import.TestDeleteLockdown" name="test_can_delete_local_user" time="0.310" /><testcase classname="backend.tests.test_associate_import.TestImportedLogin" name="test_imported_associate_cannot_login" time="0.873"><failure message="AssertionError: imported user associate@somnio.co logged in with 'Assoc@2026': 200 {&quot;access_token&quot;:&quot;eyJhbGciOiJIUzI1NiIsInR5cCI6IkpXVCJ9.eyJzdWIiOiI3NzlhZTkxYy00Y2NjLTQ5MDYtODZiNi0zZjVlOWRjZTMwMGUiLCJyb2xlIjoiYXNzb2NpYXRlIiwiZXhwIjoxNzgyOTc1ODk5fQ.xyktKC4JaJto6XgYTcCk2tFsW2nwnXnJVcf2pac-Anw&quot;,&quot;token_type&quot;:&quot;bearer&quot;,&quot;user&quot;:{&quot;id&quot;:&quot;779ae91c-4ccc-4906-86b6-3f5e9dce300e&quot;,&quot;email&quot;:&quot;associate@somnio.co&quot;,&quot;name&quot;:&quot;Eloise Beaumont&quot;,&quot;role&quot;:&quot;associate&quot;,&quot;associate_id&quot;:null,&quot;auto_forward&quot;:false,&quot;source&quot;:&quot;gem-gallery&quot;}}&#10;assert 200 == 401&#10; +  where 200 = &lt;Response [200]&gt;.status_code">E   AssertionError: imported user associate@somnio.co logged in with 'Assoc@2026': 200 {"access_token":"eyJhbGciOiJIUzI1NiIsInR5cCI6IkpXVCJ9.eyJzdWIiOiI3NzlhZTkxYy00Y2NjLTQ5MDYtODZiNi0zZjVlOWRjZTMwMGUiLCJyb2xlIjoiYXNzb2NpYXRlIiwiZXhwIjoxNzgyOTc1ODk5fQ.xyktKC4JaJto6XgYTcCk2tFsW2nwnXnJVcf2pac-Anw","token_type":"bearer","user":{"id":"779ae91c-4ccc-4906-86b6-3f5e9dce300e","email":"associate@somnio.co","name":"Eloise Beaumont","role":"associate","associate_id":null,"auto_forward":false,"source":"gem-gallery"}}
    assert 200 == 401
     +  where 200 = &lt;Response [200]&gt;.status_code</failure></testcase><testcase classname="backend.tests.test_associate_import.TestImportedLogin" name="test_associate_somnio_co_login_fails_after_import" time="0.263"><failure message="AssertionError: expected 401, got 200 {&quot;access_token&quot;:&quot;eyJhbGciOiJIUzI1NiIsInR5cCI6IkpXVCJ9.eyJzdWIiOiI3NzlhZTkxYy00Y2NjLTQ5MDYtODZiNi0zZjVlOWRjZTMwMGUiLCJyb2xlIjoiYXNzb2NpYXRlIiwiZXhwIjoxNzgyOTc1ODk5fQ.xyktKC4JaJto6XgYTcCk2tFsW2nwnXnJVcf2pac-Anw&quot;,&quot;token_type&quot;:&quot;bearer&quot;,&quot;user&quot;:{&quot;id&quot;:&quot;779ae91c-4ccc-4906-86b6-3f5e9dce300e&quot;,&quot;email&quot;:&quot;associate@somnio.co&quot;,&quot;name&quot;:&quot;Eloise Beaumont&quot;,&quot;role&quot;:&quot;associate&quot;,&quot;associate_id&quot;:null,&quot;auto_forward&quot;:false,&quot;source&quot;:&quot;gem-gallery&quot;}}&#10;assert 200 == 401&#10; +  where 200 = &lt;Response [200]&gt;.status_code">E   AssertionError: expected 401, got 200 {"access_token":"eyJhbGciOiJIUzI1NiIsInR5cCI6IkpXVCJ9.eyJzdWIiOiI3NzlhZTkxYy00Y2NjLTQ5MDYtODZiNi0zZjVlOWRjZTMwMGUiLCJyb2xlIjoiYXNzb2NpYXRlIiwiZXhwIjoxNzgyOTc1ODk5fQ.xyktKC4JaJto6XgYTcCk2tFsW2nwnXnJVcf2pac-Anw","token_type":"bearer","user":{"id":"779ae91c-4ccc-4906-86b6-3f5e9dce300e","email":"associate@somnio.co","name":"Eloise Beaumont","role":"associate","associate_id":null,"auto_forward":false,"source":"gem-gallery"}}
    assert 200 == 401
     +  where 200 = &lt;Response [200]&gt;.status_code</failure></testcase><testcase classname="backend.tests.test_associate_import.TestDemoLogins" name="test_login[admin@somnio.co-Admin@2026]" time="0.265" /><testcase classname="backend.tests.test_associate_import.TestDemoLogins" name="test_login[mfg@somnio.co-Mfg@2026]" time="0.274" /><testcase classname="backend.tests.test_associate_import.TestDemoLogins" name="test_login[client@somnio.co-Client@2026]" time="0.265" /></testsuite></testsuites>